<?xml version="1.0" encoding="UTF-8"?>
<testsuite name="me.ixfan.wechatkit.message.out.MsgParseImageTest" tests="14" skipped="0" failures="0" errors="0" timestamp="2016-08-16T15:02:47" hostname="xfan-mbp.local" time="1.053">
  <properties/>
  <testcase name="successfullyDeserializeXmlImageMsgToObject" classname="me.ixfan.wechatkit.message.out.MsgParseImageTest" time="0.22"/>
  <testcase name="successfullySerializeImageMsgToXml" classname="me.ixfan.wechatkit.message.out.MsgParseImageTest" time="0.214"/>
  <testcase name="meidaIdOfImageIsRequired" classname="me.ixfan.wechatkit.message.out.MsgParseImageTest" time="0.031"/>
  <testcase name="imageObjectIsRequired" classname="me.ixfan.wechatkit.message.out.MsgParseImageTest" time="0.012"/>
  <testcase name="toUserNameIsRequired" classname="me.ixfan.wechatkit.message.out.MsgParseImageTest" time="0.011"/>
  <testcase name="createTimeIsRequired" classname="me.ixfan.wechatkit.message.out.MsgParseImageTest" time="0.012"/>
  <testcase name="toFromNameIsRequired" classname="me.ixfan.wechatkit.message.out.MsgParseImageTest" time="0.012"/>
  <testcase name="successfullyDeserializeXmlImageMsgToObject" classname="me.ixfan.wechatkit.message.out.MsgParseImageTest" time="0.007"/>
  <testcase name="successfullySerializeImageMsgToXml" classname="me.ixfan.wechatkit.message.out.MsgParseImageTest" time="0.007"/>
  <testcase name="meidaIdOfImageIsRequired" classname="me.ixfan.wechatkit.message.out.MsgParseImageTest" time="0.007"/>
  <testcase name="imageObjectIsRequired" classname="me.ixfan.wechatkit.message.out.MsgParseImageTest" time="0.007"/>
  <testcase name="toUserNameIsRequired" classname="me.ixfan.wechatkit.message.out.MsgParseImageTest" time="0.011"/>
  <testcase name="createTimeIsRequired" classname="me.ixfan.wechatkit.message.out.MsgParseImageTest" time="0.011"/>
  <testcase name="toFromNameIsRequired" classname="me.ixfan.wechatkit.message.out.MsgParseImageTest" time="0.008"/>
  <system-out><![CDATA[]]></system-out>
  <system-err><![CDATA[]]></system-err>
</testsuite>
