<?xml version="1.0" encoding="UTF-8"?>
<testsuite name="me.ixfan.wechatkit.message.out.MsgParseNewsTest" tests="14" skipped="0" failures="0" errors="0" timestamp="2016-08-16T15:02:47" hostname="xfan-mbp.local" time="0.233">
  <properties/>
  <testcase name="articlesIsRequired" classname="me.ixfan.wechatkit.message.out.MsgParseNewsTest" time="0.028"/>
  <testcase name="successfullySerializeNewsMsgToXml" classname="me.ixfan.wechatkit.message.out.MsgParseNewsTest" time="0.012"/>
  <testcase name="successfullyDeserializeXmlNewsMsgToObject" classname="me.ixfan.wechatkit.message.out.MsgParseNewsTest" time="0.009"/>
  <testcase name="toUserNameIsRequired" classname="me.ixfan.wechatkit.message.out.MsgParseNewsTest" time="0.013"/>
  <testcase name="createTimeIsRequired" classname="me.ixfan.wechatkit.message.out.MsgParseNewsTest" time="0.007"/>
  <testcase name="fromUserNameIsRequired" classname="me.ixfan.wechatkit.message.out.MsgParseNewsTest" time="0.009"/>
  <testcase name="articleCountIsRequired" classname="me.ixfan.wechatkit.message.out.MsgParseNewsTest" time="0.009"/>
  <testcase name="articlesIsRequired" classname="me.ixfan.wechatkit.message.out.MsgParseNewsTest" time="0.017"/>
  <testcase name="successfullySerializeNewsMsgToXml" classname="me.ixfan.wechatkit.message.out.MsgParseNewsTest" time="0.011"/>
  <testcase name="successfullyDeserializeXmlNewsMsgToObject" classname="me.ixfan.wechatkit.message.out.MsgParseNewsTest" time="0.006"/>
  <testcase name="toUserNameIsRequired" classname="me.ixfan.wechatkit.message.out.MsgParseNewsTest" time="0.011"/>
  <testcase name="createTimeIsRequired" classname="me.ixfan.wechatkit.message.out.MsgParseNewsTest" time="0.01"/>
  <testcase name="fromUserNameIsRequired" classname="me.ixfan.wechatkit.message.out.MsgParseNewsTest" time="0.016"/>
  <testcase name="articleCountIsRequired" classname="me.ixfan.wechatkit.message.out.MsgParseNewsTest" time="0.01"/>
  <system-out><![CDATA[]]></system-out>
  <system-err><![CDATA[]]></system-err>
</testsuite>
