<?xml version="1.0" encoding="UTF-8"?>
<testsuite name="me.ixfan.wechatkit.message.out.MsgParseMusicTest" tests="10" skipped="0" failures="0" errors="0" timestamp="2016-08-16T15:02:47" hostname="xfan-mbp.local" time="0.234">
  <properties/>
  <testcase name="successfullyDeserializeXmlMusicMsgToObject" classname="me.ixfan.wechatkit.message.out.MsgParseMusicTest" time="0.014"/>
  <testcase name="successfullySerializeMusicMsgToXml" classname="me.ixfan.wechatkit.message.out.MsgParseMusicTest" time="0.015"/>
  <testcase name="toUserNameIsRequired" classname="me.ixfan.wechatkit.message.out.MsgParseMusicTest" time="0.012"/>
  <testcase name="createTimeIsRequired" classname="me.ixfan.wechatkit.message.out.MsgParseMusicTest" time="0.01"/>
  <testcase name="fromUserNameIsRequired" classname="me.ixfan.wechatkit.message.out.MsgParseMusicTest" time="0.029"/>
  <testcase name="successfullyDeserializeXmlMusicMsgToObject" classname="me.ixfan.wechatkit.message.out.MsgParseMusicTest" time="0.003"/>
  <testcase name="successfullySerializeMusicMsgToXml" classname="me.ixfan.wechatkit.message.out.MsgParseMusicTest" time="0.009"/>
  <testcase name="toUserNameIsRequired" classname="me.ixfan.wechatkit.message.out.MsgParseMusicTest" time="0.011"/>
  <testcase name="createTimeIsRequired" classname="me.ixfan.wechatkit.message.out.MsgParseMusicTest" time="0.011"/>
  <testcase name="fromUserNameIsRequired" classname="me.ixfan.wechatkit.message.out.MsgParseMusicTest" time="0.008"/>
  <system-out><![CDATA[]]></system-out>
  <system-err><![CDATA[]]></system-err>
</testsuite>
