<?xml version="1.0" encoding="UTF-8"?>
<testsuite name="me.ixfan.wechatkit.message.out.MsgParseVoiceTest" tests="10" skipped="0" failures="0" errors="0" timestamp="2016-08-16T15:02:47" hostname="xfan-mbp.local" time="0.301">
  <properties/>
  <testcase name="successfullySerializeVoiceMsgToXml" classname="me.ixfan.wechatkit.message.out.MsgParseVoiceTest" time="0.009"/>
  <testcase name="toUserNameIsRequired" classname="me.ixfan.wechatkit.message.out.MsgParseVoiceTest" time="0.009"/>
  <testcase name="mediaIdOfVoiceIsRequired" classname="me.ixfan.wechatkit.message.out.MsgParseVoiceTest" time="0.015"/>
  <testcase name="fromUserNameIsRequired" classname="me.ixfan.wechatkit.message.out.MsgParseVoiceTest" time="0.007"/>
  <testcase name="successfullyDeserializeXmlVoiceMsgToObject" classname="me.ixfan.wechatkit.message.out.MsgParseVoiceTest" time="0.007"/>
  <testcase name="successfullySerializeVoiceMsgToXml" classname="me.ixfan.wechatkit.message.out.MsgParseVoiceTest" time="0.009"/>
  <testcase name="toUserNameIsRequired" classname="me.ixfan.wechatkit.message.out.MsgParseVoiceTest" time="0.009"/>
  <testcase name="mediaIdOfVoiceIsRequired" classname="me.ixfan.wechatkit.message.out.MsgParseVoiceTest" time="0.009"/>
  <testcase name="fromUserNameIsRequired" classname="me.ixfan.wechatkit.message.out.MsgParseVoiceTest" time="0.009"/>
  <testcase name="successfullyDeserializeXmlVoiceMsgToObject" classname="me.ixfan.wechatkit.message.out.MsgParseVoiceTest" time="0.005"/>
  <system-out><![CDATA[]]></system-out>
  <system-err><![CDATA[]]></system-err>
</testsuite>
