<?xml version="1.0" encoding="UTF-8"?>
<testsuite name="me.ixfan.wechatkit.message.out.MsgParseVideoTest" tests="10" skipped="0" failures="0" errors="0" timestamp="2016-08-16T15:02:47" hostname="xfan-mbp.local" time="0.317">
  <properties/>
  <testcase name="successfullyDeserializeXmlVideoMsgToObject" classname="me.ixfan.wechatkit.message.out.MsgParseVideoTest" time="0.012"/>
  <testcase name="mediaIdOfVideoIsRequired" classname="me.ixfan.wechatkit.message.out.MsgParseVideoTest" time="0.014"/>
  <testcase name="toUserNameIsRequired" classname="me.ixfan.wechatkit.message.out.MsgParseVideoTest" time="0.009"/>
  <testcase name="fromUserNameIsRequired" classname="me.ixfan.wechatkit.message.out.MsgParseVideoTest" time="0.009"/>
  <testcase name="successfullySerializeVideoMsgToXml" classname="me.ixfan.wechatkit.message.out.MsgParseVideoTest" time="0.013"/>
  <testcase name="successfullyDeserializeXmlVideoMsgToObject" classname="me.ixfan.wechatkit.message.out.MsgParseVideoTest" time="0.005"/>
  <testcase name="mediaIdOfVideoIsRequired" classname="me.ixfan.wechatkit.message.out.MsgParseVideoTest" time="0.013"/>
  <testcase name="toUserNameIsRequired" classname="me.ixfan.wechatkit.message.out.MsgParseVideoTest" time="0.016"/>
  <testcase name="fromUserNameIsRequired" classname="me.ixfan.wechatkit.message.out.MsgParseVideoTest" time="0.008"/>
  <testcase name="successfullySerializeVideoMsgToXml" classname="me.ixfan.wechatkit.message.out.MsgParseVideoTest" time="0.008"/>
  <system-out><![CDATA[]]></system-out>
  <system-err><![CDATA[]]></system-err>
</testsuite>
